Crashlog created at 2015-09-24 07:30:17 +0300

===== MESSAGE:

NoMethodError: undefined method `compiled_content' for #<String:0x007f8dfbde0a68>

===== COMPILATION STACK:

  - [item]   /blog/ (rep default)

===== STACK TRACE:

  0. lib/blog_helper.rb:28:in `get_post_start'
  1. layout /_posts/:4:in `block in get_binding'
  2. layout /_posts/:1:in `each'
  3. layout /_posts/:1:in `each_with_index'
  4. layout /_posts/:1:in `get_binding'
  5. /Users/pmitchev/.rvm/rubies/ruby-2.1.6/lib/ruby/2.1.0/erb.rb:850:in `eval'
  6. /Users/pmitchev/.rvm/rubies/ruby-2.1.6/lib/ruby/2.1.0/erb.rb:850:in `result'
  7. /Users/pmitchev/.rvm/gems/ruby-2.1.6/gems/nanoc-3.8.0/lib/nanoc/filters/erb.rb:33:in `run'
  8. /Users/pmitchev/.rvm/gems/ruby-2.1.6/gems/nanoc-3.8.0/lib/nanoc/base/compilation/filter.rb:117:in `setup_and_run'
  9. /Users/pmitchev/.rvm/gems/ruby-2.1.6/gems/nanoc-3.8.0/lib/nanoc/helpers/rendering.rb:118:in `render'
  10. item /blog/ (rep default):2:in `get_binding'
  11. /Users/pmitchev/.rvm/rubies/ruby-2.1.6/lib/ruby/2.1.0/erb.rb:850:in `eval'
  12. /Users/pmitchev/.rvm/rubies/ruby-2.1.6/lib/ruby/2.1.0/erb.rb:850:in `result'
  13. /Users/pmitchev/.rvm/gems/ruby-2.1.6/gems/nanoc-3.8.0/lib/nanoc/filters/erb.rb:33:in `run'
  14. /Users/pmitchev/.rvm/gems/ruby-2.1.6/gems/nanoc-3.8.0/lib/nanoc/base/compilation/filter.rb:117:in `setup_and_run'
  15. /Users/pmitchev/.rvm/gems/ruby-2.1.6/gems/nanoc-3.8.0/lib/nanoc/base/result_data/item_rep.rb:343:in `filter'
  16. /Users/pmitchev/.rvm/gems/ruby-2.1.6/gems/nanoc-3.8.0/lib/nanoc/base/compilation/item_rep_proxy.rb:45:in `filter'
  17. /Users/pmitchev/.rvm/gems/ruby-2.1.6/gems/nanoc-3.8.0/lib/nanoc/base/compilation/rule_context.rb:59:in `filter'
  18. /Users/pmitchev/Projects/_work-files/bezkaries.com/Rules:44:in `block in parse'
  19. /Users/pmitchev/.rvm/gems/ruby-2.1.6/gems/nanoc-3.8.0/lib/nanoc/base/compilation/rule.rb:69:in `instance_exec'
  20. /Users/pmitchev/.rvm/gems/ruby-2.1.6/gems/nanoc-3.8.0/lib/nanoc/base/compilation/rule.rb:69:in `apply_to'
  21. /Users/pmitchev/.rvm/gems/ruby-2.1.6/gems/nanoc-3.8.0/lib/nanoc/base/compilation/compiler.rb:385:in `compile_rep'
  22. /Users/pmitchev/.rvm/gems/ruby-2.1.6/gems/nanoc-3.8.0/lib/nanoc/base/compilation/compiler.rb:341:in `block in compile_reps'
  23. /Users/pmitchev/.rvm/gems/ruby-2.1.6/gems/nanoc-3.8.0/lib/nanoc/base/compilation/compiler.rb:334:in `loop'
  24. /Users/pmitchev/.rvm/gems/ruby-2.1.6/gems/nanoc-3.8.0/lib/nanoc/base/compilation/compiler.rb:334:in `compile_reps'
  25. /Users/pmitchev/.rvm/gems/ruby-2.1.6/gems/nanoc-3.8.0/lib/nanoc/base/compilation/compiler.rb:87:in `run'
  26. /Users/pmitchev/.rvm/gems/ruby-2.1.6/gems/nanoc-3.8.0/lib/nanoc/base/source_data/site.rb:58:in `compile'
  27. /Users/pmitchev/.rvm/gems/ruby-2.1.6/gems/nanoc-3.8.0/lib/nanoc/cli/commands/compile.rb:383:in `block in run'
  28. /Users/pmitchev/.rvm/gems/ruby-2.1.6/gems/nanoc-3.8.0/lib/nanoc/cli/commands/compile.rb:425:in `run_listeners_while'
  29. /Users/pmitchev/.rvm/gems/ruby-2.1.6/gems/nanoc-3.8.0/lib/nanoc/cli/commands/compile.rb:382:in `run'
  30. /Users/pmitchev/.rvm/gems/ruby-2.1.6/gems/nanoc-3.8.0/lib/nanoc/cli/command_runner.rb:12:in `block in call'
  31. /Users/pmitchev/.rvm/gems/ruby-2.1.6/gems/nanoc-3.8.0/lib/nanoc/cli/error_handler.rb:72:in `handle_while'
  32. /Users/pmitchev/.rvm/gems/ruby-2.1.6/gems/nanoc-3.8.0/lib/nanoc/cli/error_handler.rb:24:in `handle_while'
  33. /Users/pmitchev/.rvm/gems/ruby-2.1.6/gems/nanoc-3.8.0/lib/nanoc/cli/command_runner.rb:11:in `call'
  34. /Users/pmitchev/.rvm/gems/ruby-2.1.6/gems/cri-2.7.0/lib/cri/command_dsl.rb:233:in `block in runner'
  35. /Users/pmitchev/.rvm/gems/ruby-2.1.6/gems/cri-2.7.0/lib/cri/command.rb:294:in `call'
  36. /Users/pmitchev/.rvm/gems/ruby-2.1.6/gems/cri-2.7.0/lib/cri/command.rb:294:in `run_this'
  37. /Users/pmitchev/.rvm/gems/ruby-2.1.6/gems/cri-2.7.0/lib/cri/command.rb:247:in `run'
  38. /Users/pmitchev/.rvm/gems/ruby-2.1.6/gems/cri-2.7.0/lib/cri/command.rb:260:in `run'
  39. /Users/pmitchev/.rvm/gems/ruby-2.1.6/gems/nanoc-3.8.0/lib/nanoc/cli.rb:58:in `block in run'
  40. /Users/pmitchev/.rvm/gems/ruby-2.1.6/gems/nanoc-3.8.0/lib/nanoc/cli/error_handler.rb:72:in `handle_while'
  41. /Users/pmitchev/.rvm/gems/ruby-2.1.6/gems/nanoc-3.8.0/lib/nanoc/cli/error_handler.rb:24:in `handle_while'
  42. /Users/pmitchev/.rvm/gems/ruby-2.1.6/gems/nanoc-3.8.0/lib/nanoc/cli.rb:56:in `run'
  43. /Users/pmitchev/.rvm/gems/ruby-2.1.6/gems/nanoc-3.8.0/bin/nanoc:25:in `<top (required)>'
  44. /Users/pmitchev/.rvm/gems/ruby-2.1.6/bin/nanoc:23:in `load'
  45. /Users/pmitchev/.rvm/gems/ruby-2.1.6/bin/nanoc:23:in `<main>'
  46. /Users/pmitchev/.rvm/gems/ruby-2.1.6/bin/ruby_executable_hooks:15:in `eval'

===== VERSION INFORMATION:

nanoc 3.8.0 © 2007-2015 Denis Defreyne.
Running ruby 2.1.6 (2015-04-13) on x86_64-darwin14.0 with RubyGems 2.4.8.

===== SYSTEM INFORMATION:

Darwin Petars-MacBook-Pro.local 14.5.0 Darwin Kernel Version 14.5.0: Wed Jul 29 02:26:53 PDT 2015; root:xnu-2782.40.9~1/RELEASE_X86_64 x86_64

===== INSTALLED GEMS:

  addressable 2.3.8
  adsf 1.2.0
  builder 3.2.2
  bundler 1.10.6
  coderay 1.1.0
  colored 1.2
  cri 2.7.0
  daemons 1.2.3
  ethon 0.7.4
  eventmachine 1.0.8
  ffi 1.9.10
  formatador 0.2.5
  fssm 0.2.10
  guard 2.13.0
  guard-nanoc 1.0.3
  html-proofer 2.4.2
  kramdown 1.8.0
  listen 3.0.3
  lumberjack 1.0.9
  mercenary 0.3.5
  method_source 0.8.2
  mime-types 1.25.1
  mini_portile 0.6.2
  nanoc 3.8.0
  nenv 0.2.0
  nokogiri 1.6.6.2
  notiffany 0.0.7
  parallel 1.6.1
  pry 0.10.1
  rack 1.6.4
  rake 0.9.6
  rb-fsevent 0.9.6
  rb-inotify 0.9.5
  rouge 1.9.1
  shellany 0.0.1
  slop 3.6.0
  thin 1.6.3
  thor 0.19.1
  typhoeus 0.7.3
  yajl-ruby 0.8.3
  yell 2.0.5

===== ENVIRONMENT:

Apple_PubSub_Socket_Render => "/private/tmp/com.apple.launchd.1yDHbFOcJE/Render"
BUNDLE_BIN_PATH => "/Users/pmitchev/.rvm/gems/ruby-2.1.6/gems/bundler-1.10.6/bin/bundle"
BUNDLE_GEMFILE => "/Users/pmitchev/Projects/_work-files/bezkaries.com/Gemfile"
GEM_HOME => "/Users/pmitchev/.rvm/gems/ruby-2.1.6"
GEM_PATH => "/Users/pmitchev/.rvm/gems/ruby-2.1.6:/Users/pmitchev/.rvm/gems/ruby-2.1.6@global"
HOME => "/Users/pmitchev"
IRBRC => "/Users/pmitchev/.rvm/rubies/ruby-2.1.6/.irbrc"
LANG => "en_US.UTF-8"
LC_CTYPE => "en_US.UTF-8"
LOGNAME => "pmitchev"
MANPATH => "/Users/pmitchev/.rvm/gems/ruby-2.1.6/gems/kramdown-1.8.0/man"
MY_RUBY_HOME => "/Users/pmitchev/.rvm/rubies/ruby-2.1.6"
OLDPWD => "/Users/pmitchev/Projects/_work-files"
PATH => "/Users/pmitchev/.rvm/gems/ruby-2.1.6/bin:/Users/pmitchev/.rvm/gems/ruby-2.1.6@global/bin:/Users/pmitchev/.rvm/rubies/ruby-2.1.6/bin:/Users/pmitchev/.rvm/bin:/Users/pmitchev/.rbenv/shims:/usr/local/sbin:/usr/local/bin:/usr/local/heroku/bin:/usr/bin:/bin:/usr/sbin:/sbin:/usr/local/go/bin:/usr/local/MacGPG2/bin"
PWD => "/Users/pmitchev/Projects/_work-files/bezkaries.com"
RUBYLIB => "/Users/pmitchev/.rvm/gems/ruby-2.1.6/gems/bundler-1.10.6/lib"
RUBYOPT => "-rbundler/setup"
RUBY_VERSION => "ruby-2.1.6"
SECURITYSESSIONID => "186a6"
SHELL => "/bin/bash"
SHLVL => "1"
SSH_AUTH_SOCK => "/private/tmp/com.apple.launchd.19QeOXw47o/Listeners"
TERM => "xterm-256color"
TERM_PROGRAM => "Apple_Terminal"
TERM_PROGRAM_VERSION => "343.7"
TERM_SESSION_ID => "F24034D2-86FD-4B72-8352-0A60F7C0A6C0"
TMPDIR => "/var/folders/xb/k4gqpw_j2sn_hq9nk1n58hlw0000gn/T/"
USER => "pmitchev"
XPC_FLAGS => "0x0"
XPC_SERVICE_NAME => "0"
_ => "/Users/pmitchev/.rvm/gems/ruby-2.1.6/bin/nanoc"
_ORIGINAL_GEM_PATH => "/Users/pmitchev/.rvm/gems/ruby-2.1.6:/Users/pmitchev/.rvm/gems/ruby-2.1.6@global"
__CF_USER_TEXT_ENCODING => "0x1F5:0x0:0x0"
_system_arch => "x86_64"
_system_name => "OSX"
_system_type => "Darwin"
_system_version => "10.10"
rvm_bin_path => "/Users/pmitchev/.rvm/bin"
rvm_delete_flag => "0"
rvm_path => "/Users/pmitchev/.rvm"
rvm_prefix => "/Users/pmitchev"
rvm_ruby_string => "ruby-2.1.6"
rvm_version => "1.26.11 (latest)"

===== GEMFILE.LOCK:

GEM
  remote: http://rubygems.org/
  specs:
    addressable (2.3.8)
    adsf (1.2.0)
      rack (>= 1.0.0)
    builder (3.2.2)
    coderay (1.1.0)
    colored (1.2)
    cri (2.7.0)
      colored (~> 1.2)
    daemons (1.2.3)
    ethon (0.7.4)
      ffi (>= 1.3.0)
    eventmachine (1.0.8)
    ffi (1.9.10)
    formatador (0.2.5)
    fssm (0.2.10)
    guard (2.13.0)
      formatador (>= 0.2.4)
      listen (>= 2.7, <= 4.0)
      lumberjack (~> 1.0)
      nenv (~> 0.1)
      notiffany (~> 0.0)
      pry (>= 0.9.12)
      shellany (~> 0.0)
      thor (>= 0.18.1)
    guard-nanoc (1.0.3)
      guard (~> 2.8)
      nanoc (~> 3.6)
    html-proofer (2.4.2)
      addressable (~> 2.3)
      colored (~> 1.2)
      mercenary (~> 0.3.2)
      nokogiri (~> 1.5)
      parallel (~> 1.3)
      typhoeus (~> 0.7)
      yell (~> 2.0)
    kramdown (1.8.0)
    listen (3.0.3)
      rb-fsevent (>= 0.9.3)
      rb-inotify (>= 0.9)
    lumberjack (1.0.9)
    mercenary (0.3.5)
    method_source (0.8.2)
    mime-types (1.25.1)
    mini_portile (0.6.2)
    nanoc (3.8.0)
      cri (~> 2.3)
    nenv (0.2.0)
    nokogiri (1.6.6.2)
      mini_portile (~> 0.6.0)
    notiffany (0.0.7)
      nenv (~> 0.1)
      shellany (~> 0.0)
    parallel (1.6.1)
    pry (0.10.1)
      coderay (~> 1.1.0)
      method_source (~> 0.8.1)
      slop (~> 3.4)
    rack (1.6.4)
    rake (0.9.6)
    rb-fsevent (0.9.6)
    rb-inotify (0.9.5)
      ffi (>= 0.5.0)
    rouge (1.9.1)
    shellany (0.0.1)
    slop (3.6.0)
    thin (1.6.3)
      daemons (~> 1.0, >= 1.0.9)
      eventmachine (~> 1.0)
      rack (~> 1.0)
    thor (0.19.1)
    typhoeus (0.7.3)
      ethon (>= 0.7.4)
    yajl-ruby (0.8.3)
    yell (2.0.5)

PLATFORMS
  ruby

DEPENDENCIES
  adsf
  builder
  coderay
  fssm
  guard-nanoc
  html-proofer
  kramdown (~> 1.8.0)
  mime-types (~> 1.16)
  nanoc (~> 3.8)
  nokogiri (~> 1.6.0)
  rake (~> 0.9.2)
  rouge (~> 1.4)
  thin
  yajl-ruby (~> 0.8.2)

BUNDLED WITH
   1.10.6

===== LOAD PATHS:

  0. /Users/pmitchev/.rvm/gems/ruby-2.1.6/gems/nanoc-3.8.0/lib
  1. /Users/pmitchev/.rvm/gems/ruby-2.1.6/gems/yajl-ruby-0.8.3/lib
  2. /Users/pmitchev/.rvm/gems/ruby-2.1.6/gems/yajl-ruby-0.8.3/ext
  3. /Users/pmitchev/.rvm/gems/ruby-2.1.6/extensions/x86_64-darwin-14/2.1.0-static/yajl-ruby-0.8.3
  4. /Users/pmitchev/.rvm/gems/ruby-2.1.6/gems/thin-1.6.3/lib
  5. /Users/pmitchev/.rvm/gems/ruby-2.1.6/extensions/x86_64-darwin-14/2.1.0-static/thin-1.6.3
  6. /Users/pmitchev/.rvm/gems/ruby-2.1.6/gems/rouge-1.9.1/lib
  7. /Users/pmitchev/.rvm/gems/ruby-2.1.6/gems/mime-types-1.25.1/lib
  8. /Users/pmitchev/.rvm/gems/ruby-2.1.6/gems/kramdown-1.8.0/lib
  9. /Users/pmitchev/.rvm/gems/ruby-2.1.6/gems/html-proofer-2.4.2/lib
  10. /Users/pmitchev/.rvm/gems/ruby-2.1.6/gems/yell-2.0.5/lib
  11. /Users/pmitchev/.rvm/gems/ruby-2.1.6/gems/typhoeus-0.7.3/lib
  12. /Users/pmitchev/.rvm/gems/ruby-2.1.6/gems/parallel-1.6.1/lib
  13. /Users/pmitchev/.rvm/gems/ruby-2.1.6/gems/nokogiri-1.6.6.2/lib
  14. /Users/pmitchev/.rvm/gems/ruby-2.1.6/extensions/x86_64-darwin-14/2.1.0-static/nokogiri-1.6.6.2
  15. /Users/pmitchev/.rvm/gems/ruby-2.1.6/gems/mini_portile-0.6.2/lib
  16. /Users/pmitchev/.rvm/gems/ruby-2.1.6/gems/mercenary-0.3.5/lib
  17. /Users/pmitchev/.rvm/gems/ruby-2.1.6/gems/guard-nanoc-1.0.3/lib
  18. /Users/pmitchev/.rvm/gems/ruby-2.1.6/gems/nanoc-3.8.0/lib
  19. /Users/pmitchev/.rvm/gems/ruby-2.1.6/gems/guard-2.13.0/lib
  20. /Users/pmitchev/.rvm/gems/ruby-2.1.6/gems/thor-0.19.1/lib
  21. /Users/pmitchev/.rvm/gems/ruby-2.1.6/gems/pry-0.10.1/lib
  22. /Users/pmitchev/.rvm/gems/ruby-2.1.6/gems/slop-3.6.0/lib
  23. /Users/pmitchev/.rvm/gems/ruby-2.1.6/gems/method_source-0.8.2/lib
  24. /Users/pmitchev/.rvm/gems/ruby-2.1.6/gems/notiffany-0.0.7/lib
  25. /Users/pmitchev/.rvm/gems/ruby-2.1.6/gems/shellany-0.0.1/lib
  26. /Users/pmitchev/.rvm/gems/ruby-2.1.6/gems/nenv-0.2.0/lib
  27. /Users/pmitchev/.rvm/gems/ruby-2.1.6/gems/lumberjack-1.0.9/lib
  28. /Users/pmitchev/.rvm/gems/ruby-2.1.6/gems/listen-3.0.3/lib
  29. /Users/pmitchev/.rvm/gems/ruby-2.1.6/gems/rb-inotify-0.9.5/lib
  30. /Users/pmitchev/.rvm/gems/ruby-2.1.6/gems/rb-fsevent-0.9.6/lib
  31. /Users/pmitchev/.rvm/gems/ruby-2.1.6/gems/fssm-0.2.10/lib
  32. /Users/pmitchev/.rvm/gems/ruby-2.1.6/gems/formatador-0.2.5/lib
  33. /Users/pmitchev/.rvm/gems/ruby-2.1.6/gems/eventmachine-1.0.8/lib
  34. /Users/pmitchev/.rvm/gems/ruby-2.1.6/extensions/x86_64-darwin-14/2.1.0-static/eventmachine-1.0.8
  35. /Users/pmitchev/.rvm/gems/ruby-2.1.6/gems/ethon-0.7.4/lib
  36. /Users/pmitchev/.rvm/gems/ruby-2.1.6/gems/ffi-1.9.10/lib
  37. /Users/pmitchev/.rvm/gems/ruby-2.1.6/extensions/x86_64-darwin-14/2.1.0-static/ffi-1.9.10
  38. /Users/pmitchev/.rvm/gems/ruby-2.1.6/gems/daemons-1.2.3/lib
  39. /Users/pmitchev/.rvm/gems/ruby-2.1.6/gems/cri-2.7.0/lib
  40. /Users/pmitchev/.rvm/gems/ruby-2.1.6/gems/colored-1.2/lib
  41. /Users/pmitchev/.rvm/gems/ruby-2.1.6/gems/coderay-1.1.0/lib
  42. /Users/pmitchev/.rvm/gems/ruby-2.1.6/gems/builder-3.2.2/lib
  43. /Users/pmitchev/.rvm/gems/ruby-2.1.6/gems/adsf-1.2.0/lib
  44. /Users/pmitchev/.rvm/gems/ruby-2.1.6/gems/rack-1.6.4/lib
  45. /Users/pmitchev/.rvm/gems/ruby-2.1.6/gems/addressable-2.3.8/lib
  46. /Users/pmitchev/.rvm/gems/ruby-2.1.6/gems/rake-0.9.6/lib
  47. /Users/pmitchev/.rvm/gems/ruby-2.1.6/gems/bundler-1.10.6/lib
  48. /Users/pmitchev/.rvm/rubies/ruby-2.1.6/lib/ruby/site_ruby/2.1.0
  49. /Users/pmitchev/.rvm/rubies/ruby-2.1.6/lib/ruby/site_ruby/2.1.0/x86_64-darwin14.0
  50. /Users/pmitchev/.rvm/rubies/ruby-2.1.6/lib/ruby/site_ruby
  51. /Users/pmitchev/.rvm/rubies/ruby-2.1.6/lib/ruby/vendor_ruby/2.1.0
  52. /Users/pmitchev/.rvm/rubies/ruby-2.1.6/lib/ruby/vendor_ruby/2.1.0/x86_64-darwin14.0
  53. /Users/pmitchev/.rvm/rubies/ruby-2.1.6/lib/ruby/vendor_ruby
  54. /Users/pmitchev/.rvm/rubies/ruby-2.1.6/lib/ruby/2.1.0
  55. /Users/pmitchev/.rvm/rubies/ruby-2.1.6/lib/ruby/2.1.0/x86_64-darwin14.0
