Crashlog created at 2015-10-19 13:33:05 -0700

===== MESSAGE:

LoadError: cannot load such file -- nokogiri/nokogiri

===== COMPILATION STACK:

  (empty)

===== STACK TRACE:

  0. C:/Ruby22-x64/lib/ruby/2.2.0/rubygems/core_ext/kernel_require.rb:54:in `require'
  1. C:/Ruby22-x64/lib/ruby/2.2.0/rubygems/core_ext/kernel_require.rb:54:in `require'
  2. C:/Ruby22-x64/lib/ruby/gems/2.2.0/gems/nokogiri-1.6.6.2-x64-mingw32/lib/nokogiri.rb:29:in `rescue in <top (required)>'
  3. C:/Ruby22-x64/lib/ruby/gems/2.2.0/gems/nokogiri-1.6.6.2-x64-mingw32/lib/nokogiri.rb:25:in `<top (required)>'
  4. C:/Ruby22-x64/lib/ruby/2.2.0/rubygems/core_ext/kernel_require.rb:128:in `require'
  5. C:/Ruby22-x64/lib/ruby/2.2.0/rubygems/core_ext/kernel_require.rb:128:in `rescue in require'
  6. C:/Ruby22-x64/lib/ruby/2.2.0/rubygems/core_ext/kernel_require.rb:39:in `require'
  7. lib/search_generator.rb:2:in `<main>'
  8. C:/Ruby22-x64/lib/ruby/gems/2.2.0/gems/nanoc-3.8.0/lib/nanoc/base/source_data/code_snippet.rb:34:in `eval'
  9. C:/Ruby22-x64/lib/ruby/gems/2.2.0/gems/nanoc-3.8.0/lib/nanoc/base/source_data/code_snippet.rb:34:in `load'
  10. C:/Ruby22-x64/lib/ruby/gems/2.2.0/gems/nanoc-3.8.0/lib/nanoc/base/source_data/site.rb:329:in `each'
  11. C:/Ruby22-x64/lib/ruby/gems/2.2.0/gems/nanoc-3.8.0/lib/nanoc/base/source_data/site.rb:329:in `load_code_snippets'
  12. C:/Ruby22-x64/lib/ruby/gems/2.2.0/gems/nanoc-3.8.0/lib/nanoc/base/source_data/site.rb:241:in `load'
  13. C:/Ruby22-x64/lib/ruby/gems/2.2.0/gems/nanoc-3.8.0/lib/nanoc/cli/command_runner.rb:62:in `load_site'
  14. C:/Ruby22-x64/lib/ruby/gems/2.2.0/gems/nanoc-3.8.0/lib/nanoc/cli/commands/compile.rb:378:in `run'
  15. C:/Ruby22-x64/lib/ruby/gems/2.2.0/gems/nanoc-3.8.0/lib/nanoc/cli/command_runner.rb:12:in `block in call'
  16. C:/Ruby22-x64/lib/ruby/gems/2.2.0/gems/nanoc-3.8.0/lib/nanoc/cli/error_handler.rb:72:in `handle_while'
  17. C:/Ruby22-x64/lib/ruby/gems/2.2.0/gems/nanoc-3.8.0/lib/nanoc/cli/error_handler.rb:24:in `handle_while'
  18. C:/Ruby22-x64/lib/ruby/gems/2.2.0/gems/nanoc-3.8.0/lib/nanoc/cli/command_runner.rb:11:in `call'
  19. C:/Ruby22-x64/lib/ruby/gems/2.2.0/gems/cri-2.7.0/lib/cri/command_dsl.rb:233:in `block in runner'
  20. C:/Ruby22-x64/lib/ruby/gems/2.2.0/gems/cri-2.7.0/lib/cri/command.rb:294:in `call'
  21. C:/Ruby22-x64/lib/ruby/gems/2.2.0/gems/cri-2.7.0/lib/cri/command.rb:294:in `run_this'
  22. C:/Ruby22-x64/lib/ruby/gems/2.2.0/gems/cri-2.7.0/lib/cri/command.rb:247:in `run'
  23. C:/Ruby22-x64/lib/ruby/gems/2.2.0/gems/cri-2.7.0/lib/cri/command.rb:260:in `run'
  24. C:/Ruby22-x64/lib/ruby/gems/2.2.0/gems/nanoc-3.8.0/lib/nanoc/cli.rb:58:in `block in run'
  25. C:/Ruby22-x64/lib/ruby/gems/2.2.0/gems/nanoc-3.8.0/lib/nanoc/cli/error_handler.rb:72:in `handle_while'
  26. C:/Ruby22-x64/lib/ruby/gems/2.2.0/gems/nanoc-3.8.0/lib/nanoc/cli/error_handler.rb:24:in `handle_while'
  27. C:/Ruby22-x64/lib/ruby/gems/2.2.0/gems/nanoc-3.8.0/lib/nanoc/cli.rb:56:in `run'
  28. C:/Ruby22-x64/lib/ruby/gems/2.2.0/gems/nanoc-3.8.0/bin/nanoc:25:in `<top (required)>'
  29. C:/Ruby22-x64/bin/nanoc:23:in `load'

===== VERSION INFORMATION:

nanoc 3.8.0 © 2007-2015 Denis Defreyne.
Running ruby 2.2.3 (2015-08-18) on x64-mingw32 with RubyGems 2.4.5.1.

===== SYSTEM INFORMATION:

MSYS_NT-10.0 DESKTOP-KSTV46M 2.3.0(0.290/5/3) 2015-09-29 10:48 x86_64 Msys

===== INSTALLED GEMS:

  bigdecimal 1.2.6
  colored 1.2
  cri 2.7.0
  io-console 0.4.3
  json 1.8.1
  mini_portile 0.6.2
  minitest 5.4.3
  nanoc 3.8.0
  nokogiri 1.6.6.2
  power_assert 0.2.2
  psych 2.0.8
  rake 10.4.2
  rdoc 4.2.0
  test-unit 3.0.8

===== ENVIRONMENT:

ALLUSERSPROFILE => "C:\\ProgramData"
APPDATA => "C:\\Users\\rados\\AppData\\Roaming"
COMPUTERNAME => "DESKTOP-KSTV46M"
ComSpec => "C:\\Windows\\system32\\cmd.exe"
CommonProgramFiles => "C:\\Program Files\\Common Files"
CommonProgramFiles(x86) => "C:\\Program Files (x86)\\Common Files"
CommonProgramW6432 => "C:\\Program Files\\Common Files"
HOME => "C:/Users/rados"
HOMEDRIVE => "C:"
HOMEPATH => "\\Users\\rados"
LOCALAPPDATA => "C:\\Users\\rados\\AppData\\Local"
LOGONSERVER => "\\\\MicrosoftAccount"
NUMBER_OF_PROCESSORS => "4"
OS => "Windows_NT"
PATHEXT => ".COM;.EXE;.BAT;.CMD;.VBS;.VBE;.JS;.JSE;.WSF;.WSH;.MSC"
PROCESSOR_ARCHITECTURE => "AMD64"
PROCESSOR_IDENTIFIER => "Intel64 Family 6 Model 37 Stepping 5, GenuineIntel"
PROCESSOR_LEVEL => "6"
PROCESSOR_REVISION => "2505"
PROMPT => "$P$G"
PSModulePath => "C:\\Windows\\system32\\WindowsPowerShell\\v1.0\\Modules\\"
PUBLIC => "C:\\Users\\Public"
Path => "C:\\Ruby22-x64\\bin;C:\\ProgramData\\Oracle\\Java\\javapath;C:\\Windows\\system32;C:\\Windows;C:\\Windows\\System32\\Wbem;C:\\Windows\\System32\\WindowsPowerShell\\v1.0\\;C:\\Program Files\\Git\\cmd;C:\\Program Files\\Git\\mingw64\\bin;C:\\Program Files\\Git\\usr\\bin;C:\\Program Files (x86)\\Skype\\Phone\\;C:\\Ruby22-x64\\bin"
ProgramData => "C:\\ProgramData"
ProgramFiles => "C:\\Program Files"
ProgramFiles(x86) => "C:\\Program Files (x86)"
ProgramW6432 => "C:\\Program Files"
SESSIONNAME => "Console"
SystemDrive => "C:"
SystemRoot => "C:\\Windows"
TEMP => "C:\\Users\\rados\\AppData\\Local\\Temp"
TMP => "C:\\Users\\rados\\AppData\\Local\\Temp"
USER => "rados"
USERDOMAIN => "DESKTOP-KSTV46M"
USERDOMAIN_ROAMINGPROFILE => "DESKTOP-KSTV46M"
USERNAME => "rados"
USERPROFILE => "C:\\Users\\rados"
windir => "C:\\Windows"

===== GEMFILE.LOCK:

GEM
  remote: http://rubygems.org/
  specs:
    addressable (2.3.8)
    adsf (1.2.0)
      rack (>= 1.0.0)
    builder (3.2.2)
    coderay (1.1.0)
    colored (1.2)
    cri (2.7.0)
      colored (~> 1.2)
    daemons (1.2.3)
    ethon (0.7.4)
      ffi (>= 1.3.0)
    eventmachine (1.0.8)
    ffi (1.9.10)
    formatador (0.2.5)
    fssm (0.2.10)
    guard (2.13.0)
      formatador (>= 0.2.4)
      listen (>= 2.7, <= 4.0)
      lumberjack (~> 1.0)
      nenv (~> 0.1)
      notiffany (~> 0.0)
      pry (>= 0.9.12)
      shellany (~> 0.0)
      thor (>= 0.18.1)
    guard-nanoc (1.0.3)
      guard (~> 2.8)
      nanoc (~> 3.6)
    html-proofer (2.4.2)
      addressable (~> 2.3)
      colored (~> 1.2)
      mercenary (~> 0.3.2)
      nokogiri (~> 1.5)
      parallel (~> 1.3)
      typhoeus (~> 0.7)
      yell (~> 2.0)
    kramdown (1.8.0)
    listen (3.0.3)
      rb-fsevent (>= 0.9.3)
      rb-inotify (>= 0.9)
    lumberjack (1.0.9)
    mercenary (0.3.5)
    method_source (0.8.2)
    mime-types (1.25.1)
    mini_portile (0.6.2)
    nanoc (3.8.0)
      cri (~> 2.3)
    nenv (0.2.0)
    nokogiri (1.6.6.2)
      mini_portile (~> 0.6.0)
    notiffany (0.0.7)
      nenv (~> 0.1)
      shellany (~> 0.0)
    parallel (1.6.1)
    pry (0.10.1)
      coderay (~> 1.1.0)
      method_source (~> 0.8.1)
      slop (~> 3.4)
    rack (1.6.4)
    rake (0.9.6)
    rb-fsevent (0.9.6)
    rb-inotify (0.9.5)
      ffi (>= 0.5.0)
    rouge (1.9.1)
    shellany (0.0.1)
    slop (3.6.0)
    thin (1.6.3)
      daemons (~> 1.0, >= 1.0.9)
      eventmachine (~> 1.0)
      rack (~> 1.0)
    thor (0.19.1)
    typhoeus (0.7.3)
      ethon (>= 0.7.4)
    yajl-ruby (0.8.3)
    yell (2.0.5)

PLATFORMS
  ruby

DEPENDENCIES
  adsf
  builder
  coderay
  fssm
  guard-nanoc
  html-proofer
  kramdown (~> 1.8.0)
  mime-types (~> 1.16)
  nanoc (~> 3.8)
  nokogiri (~> 1.6.0)
  rake (~> 0.9.2)
  rouge (~> 1.4)
  thin
  yajl-ruby (~> 0.8.2)

BUNDLED WITH
   1.10.6

===== LOAD PATHS:

  0. C:/Ruby22-x64/lib/ruby/gems/2.2.0/gems/nanoc-3.8.0/lib
  1. C:/Ruby22-x64/lib/ruby/gems/2.2.0/gems/colored-1.2/lib
  2. C:/Ruby22-x64/lib/ruby/gems/2.2.0/gems/cri-2.7.0/lib
  3. C:/Ruby22-x64/lib/ruby/gems/2.2.0/gems/nanoc-3.8.0/lib
  4. C:/Ruby22-x64/lib/ruby/gems/2.2.0/gems/mini_portile-0.6.2/lib
  5. C:/Ruby22-x64/lib/ruby/gems/2.2.0/gems/nokogiri-1.6.6.2-x64-mingw32/lib
  6. C:/Ruby22-x64/lib/ruby/site_ruby/2.2.0
  7. C:/Ruby22-x64/lib/ruby/site_ruby/2.2.0/x64-msvcrt
  8. C:/Ruby22-x64/lib/ruby/site_ruby
  9. C:/Ruby22-x64/lib/ruby/vendor_ruby/2.2.0
  10. C:/Ruby22-x64/lib/ruby/vendor_ruby/2.2.0/x64-msvcrt
  11. C:/Ruby22-x64/lib/ruby/vendor_ruby
  12. C:/Ruby22-x64/lib/ruby/2.2.0
  13. C:/Ruby22-x64/lib/ruby/2.2.0/x64-mingw32
